1745306177225:help
1745306188879:list books
1745306767478:quit
1745306819362:help
1745306835176:create book
1745306866687:create book --title
1745306873871:create book --title A
1745306970895:help
1745306979159:list books
1745306987887:create books
1745306990687:create book
1745306993895:list books
1745307029456:create book
1745307106553:create book --price 10 --title A --author B --publisher C
1745307128320:list books
1745307213243:create book --price 10 --title A --author B --publisher C
1745307225975:list books
1745307274314:create book --price 10 --title A --author B --publisher C
1745307276191:list books
1745307297259:@Builder
1745307297272:@NoArgsConstructor
1745307297529:@AllArgsConstructor
1745307316825:create book --price 10 --title A --author B --publisher C
1745307322327:list books
1745907679729:help
1745907686921:list books
1745909323467:help
1745909332871:list books
1745909345404:delete book 1
1745909351364:delete book {1}
1745909360386:delete book {long 1}
1745909376857:delete book id=1
1745909398560:update book 1
1745909403823:update book 1 A
1745909797226:delete book 1
1745909803645:list books
1745909841756:help
1745910266535:delete book 1
1745910623482:help
1745910632583:list bookstores
1745911408347:help
1745911415771:list bookstores
1745911422916:delete bookstore 1
1745911424976:list bookstores
1746512414209:help
1746512429517:list bookstore
1746512436091:list bookstores
1746512486552:create bookstore nagy, 1.02, null, null
1746512502915:create bookstore nagy 1.02 null null
1746512510247:create bookstore nagy 1.02
1746512513786:list bookstores
1746512535603:update 6 kicsi 1.8
1746512544368:update bookstore 6 kicsi 1.8
1746512546869:list bookstores
1746512634373:help
1746512646228:delete bookstore 6
1746512648599:list bookstores
1746513742760:help
1746513747074:list bookstores
1746513774736:update bookstore --id 3 --location kiskutya
1746513779132:list bookstores
1746514995339:help
1746515001206:list books
1746515012738:findprice book 3
1746515018431:findprice book 1
1746515036905:list bookstores
1746515220829:findprice book 3
1746515952964:filter book
1746515980675:filter book Az aranyember
1746515987229:filter book "Az aranyember"
1746516043798:filter book --title "Az aranyember"
1746516232272:help
1746516238137:list books
1746516273378:filter book --author "Jókai Mór"
